  SceneManager.cpp
C:\Users\Modula\Downloads\Opera Downloads\CS\CS330Content\CS330Content\Projects\7-1_FinalProjectMilestones\Source\SceneManager.cpp(223,16): warning C4018: '<': signed/unsigned mismatch
C:\Users\Modula\Downloads\Opera Downloads\CS\CS330Content\CS330Content\Projects\7-1_FinalProjectMilestones\Source\SceneManager.cpp(413,27): warning C4305: '=': truncation from 'double' to 'float'
C:\Users\Modula\Downloads\Opera Downloads\CS\CS330Content\CS330Content\Projects\7-1_FinalProjectMilestones\Source\SceneManager.cpp(772,20): warning C4305: 'argument': truncation from 'double' to 'float'
C:\Users\Modula\Downloads\Opera Downloads\CS\CS330Content\CS330Content\Projects\7-1_FinalProjectMilestones\Source\SceneManager.cpp(884,20): warning C4305: 'argument': truncation from 'double' to 'float'
C:\Users\Modula\Downloads\Opera Downloads\CS\CS330Content\CS330Content\Projects\7-1_FinalProjectMilestones\Source\SceneManager.cpp(1415,27): warning C4305: 'argument': truncation from 'double' to 'float'
C:\Users\Modula\Downloads\Opera Downloads\CS\CS330Content\CS330Content\Projects\7-1_FinalProjectMilestones\Source\SceneManager.cpp(1415,22): warning C4305: 'argument': truncation from 'double' to 'float'
C:\Users\Modula\Downloads\Opera Downloads\CS\CS330Content\CS330Content\Projects\7-1_FinalProjectMilestones\Source\SceneManager.cpp(1415,17): warning C4305: 'argument': truncation from 'double' to 'float'
C:\Users\Modula\Downloads\Opera Downloads\CS\CS330Content\CS330Content\Projects\7-1_FinalProjectMilestones\Source\SceneManager.cpp(1459,27): warning C4305: 'argument': truncation from 'double' to 'float'
C:\Users\Modula\Downloads\Opera Downloads\CS\CS330Content\CS330Content\Projects\7-1_FinalProjectMilestones\Source\SceneManager.cpp(1459,22): warning C4305: 'argument': truncation from 'double' to 'float'
C:\Users\Modula\Downloads\Opera Downloads\CS\CS330Content\CS330Content\Projects\7-1_FinalProjectMilestones\Source\SceneManager.cpp(1459,17): warning C4305: 'argument': truncation from 'double' to 'float'
C:\Users\Modula\Downloads\Opera Downloads\CS\CS330Content\CS330Content\Projects\7-1_FinalProjectMilestones\Source\SceneManager.cpp(1481,27): warning C4305: 'argument': truncation from 'double' to 'float'
C:\Users\Modula\Downloads\Opera Downloads\CS\CS330Content\CS330Content\Projects\7-1_FinalProjectMilestones\Source\SceneManager.cpp(1481,22): warning C4305: 'argument': truncation from 'double' to 'float'
C:\Users\Modula\Downloads\Opera Downloads\CS\CS330Content\CS330Content\Projects\7-1_FinalProjectMilestones\Source\SceneManager.cpp(1481,17): warning C4305: 'argument': truncation from 'double' to 'float'
C:\Users\Modula\Downloads\Opera Downloads\CS\CS330Content\CS330Content\Projects\7-1_FinalProjectMilestones\Source\SceneManager.cpp(1507,27): warning C4305: 'argument': truncation from 'double' to 'float'
C:\Users\Modula\Downloads\Opera Downloads\CS\CS330Content\CS330Content\Projects\7-1_FinalProjectMilestones\Source\SceneManager.cpp(1507,22): warning C4305: 'argument': truncation from 'double' to 'float'
C:\Users\Modula\Downloads\Opera Downloads\CS\CS330Content\CS330Content\Projects\7-1_FinalProjectMilestones\Source\SceneManager.cpp(1507,17): warning C4305: 'argument': truncation from 'double' to 'float'
C:\Users\Modula\Downloads\Opera Downloads\CS\CS330Content\CS330Content\Projects\7-1_FinalProjectMilestones\Source\SceneManager.cpp(1671,20): warning C4305: 'argument': truncation from 'double' to 'float'
C:\Users\Modula\Downloads\Opera Downloads\CS\CS330Content\CS330Content\Projects\7-1_FinalProjectMilestones\Source\SceneManager.cpp(1765,20): warning C4305: 'argument': truncation from 'double' to 'float'
C:\Users\Modula\Downloads\Opera Downloads\CS\CS330Content\CS330Content\Projects\7-1_FinalProjectMilestones\Source\SceneManager.cpp(1859,20): warning C4305: 'argument': truncation from 'double' to 'float'
C:\Users\Modula\Downloads\Opera Downloads\CS\CS330Content\CS330Content\Projects\7-1_FinalProjectMilestones\Source\SceneManager.cpp(1954,20): warning C4305: 'argument': truncation from 'double' to 'float'
C:\Users\Modula\Downloads\Opera Downloads\CS\CS330Content\CS330Content\Projects\7-1_FinalProjectMilestones\Source\SceneManager.cpp(2026,23): warning C4305: 'argument': truncation from 'double' to 'float'
C:\Users\Modula\Downloads\Opera Downloads\CS\CS330Content\CS330Content\Projects\7-1_FinalProjectMilestones\Source\SceneManager.cpp(2026,20): warning C4305: 'argument': truncation from 'double' to 'float'
  7-1_FinalProjectMilestones.vcxproj -> C:\Users\Modula\Downloads\Opera Downloads\CS\CS330Content\CS330Content\Projects\7-1_FinalProjectMilestones\Debug\7-1_FinalProjectMilestones.exe
